<?xml version="1.0" encoding="UTF-8"?>
<!-- Generated by org.testng.reporters.JUnitReportReporter -->
<testsuite hostname="Jhanvi" failures="0" tests="2" name="com.CRM.qa.testcases.SignupPageTest" time="66.164" errors="0" timestamp="2024-07-03T17:36:43 EDT" skipped="0">
  <testcase classname="com.CRM.qa.testcases.SignupPageTest" name="pageTitleTest" time="31.984"/>
  <testcase classname="com.CRM.qa.testcases.SignupPageTest" name="openLoginPageTest" time="34.180"/>
</testsuite> <!-- com.CRM.qa.testcases.SignupPageTest -->
