<?xml version="1.0" encoding="UTF-8"?>
<!-- Generated by org.testng.reporters.JUnitReportReporter -->
<testsuite hostname="Jhanvi" failures="0" tests="3" name="com.CRM.qa.testcases.HomePagetest" time="107.227" errors="0" timestamp="2024-07-03T17:36:43 EDT" skipped="0">
  <testcase classname="com.CRM.qa.testcases.HomePagetest" name="pageTitleTest" time="34.446"/>
  <testcase classname="com.CRM.qa.testcases.HomePagetest" name="openContactsPageTest" time="37.828"/>
  <testcase classname="com.CRM.qa.testcases.HomePagetest" name="accountUserVerificationtest" time="34.953"/>
</testsuite> <!-- com.CRM.qa.testcases.HomePagetest -->
