<?xml version="1.0" encoding="UTF-8"?>
<!-- Generated by org.testng.reporters.JUnitReportReporter -->
<testsuite hostname="Jhanvi" failures="0" tests="8" name="com.CRM.qa.testcases.ContactsPageTest" time="287.862" errors="0" timestamp="2024-07-03T17:36:43 EDT" skipped="0">
  <testcase classname="com.CRM.qa.testcases.ContactsPageTest" name="pageTitleTest" time="38.388"/>
  <testcase classname="com.CRM.qa.testcases.ContactsPageTest" name="validateCreateNewContact" time="34.861"/>
  <testcase classname="com.CRM.qa.testcases.ContactsPageTest" name="validateCreateNewContact" time="33.575"/>
  <testcase classname="com.CRM.qa.testcases.ContactsPageTest" name="checkNoOfContcts" time="34.902"/>
  <testcase classname="com.CRM.qa.testcases.ContactsPageTest" name="validateCreateNewContact" time="34.958"/>
  <testcase classname="com.CRM.qa.testcases.ContactsPageTest" name="validateCreateNewContact" time="37.602"/>
  <testcase classname="com.CRM.qa.testcases.ContactsPageTest" name="createbuttonPresenceTest" time="37.329"/>
  <testcase classname="com.CRM.qa.testcases.ContactsPageTest" name="validateCreateNewContact" time="36.247"/>
</testsuite> <!-- com.CRM.qa.testcases.ContactsPageTest -->
