<?xml version="1.0" encoding="UTF-8"?>
<!-- Generated by org.testng.reporters.JUnitReportReporter -->
<testsuite hostname="Jhanvi" failures="0" tests="2" name="com.CRM.qa.testcases.SignupPageTest" time="17.877" errors="0" timestamp="2024-07-08T09:23:09 EDT" skipped="0">
  <testcase classname="com.CRM.qa.testcases.SignupPageTest" name="pageTitleTest" time="8.577"/>
  <testcase classname="com.CRM.qa.testcases.SignupPageTest" name="openLoginPageTest" time="9.300"/>
</testsuite> <!-- com.CRM.qa.testcases.SignupPageTest -->
