<?xml version="1.0" encoding="UTF-8"?>
<!-- Generated by org.testng.reporters.JUnitReportReporter -->
<testsuite hostname="Jhanvi" failures="0" tests="8" name="com.CRM.qa.testcases.ContactsPageTest" time="86.228" errors="0" timestamp="2024-07-08T09:23:09 EDT" skipped="0">
  <testcase classname="com.CRM.qa.testcases.ContactsPageTest" name="validateCreateNewContact" time="11.308"/>
  <testcase classname="com.CRM.qa.testcases.ContactsPageTest" name="pageTitleTest" time="9.804"/>
  <testcase classname="com.CRM.qa.testcases.ContactsPageTest" name="validateCreateNewContact" time="11.028"/>
  <testcase classname="com.CRM.qa.testcases.ContactsPageTest" name="validateCreateNewContact" time="10.818"/>
  <testcase classname="com.CRM.qa.testcases.ContactsPageTest" name="checkNoOfContcts" time="9.805"/>
  <testcase classname="com.CRM.qa.testcases.ContactsPageTest" name="createbuttonPresenceTest" time="9.739"/>
  <testcase classname="com.CRM.qa.testcases.ContactsPageTest" name="validateCreateNewContact" time="10.327"/>
  <testcase classname="com.CRM.qa.testcases.ContactsPageTest" name="validateCreateNewContact" time="13.399"/>
</testsuite> <!-- com.CRM.qa.testcases.ContactsPageTest -->
